


ARM Macro Assembler    Page 1 


    1 00000000                 EXTERN           OSRunning
    2 00000000                 EXTERN           OSPrioCur
    3 00000000                 EXTERN           OSPrioHighRdy
    4 00000000                 EXTERN           OSTCBCur
    5 00000000                 EXTERN           OSTCBHighRdy
    6 00000000                 EXTERN           OSIntNesting
    7 00000000                 EXTERN           OSIntExit
    8 00000000                 EXTERN           OSTaskSwHook
    9 00000000         
   10 00000000                 EXPORT           OS_CPU_SR_Save
   11 00000000                 EXPORT           OS_CPU_SR_Restore
   12 00000000                 EXPORT           OSStartHighRdy
   13 00000000                 EXPORT           OSCtxSw
   14 00000000                 EXPORT           OSIntCtxSw
   15 00000000                 EXPORT           OS_CPU_PendSVHandler
   16 00000000         
   17 00000000 E000ED04 
                       NVIC_INT_CTRL
                               EQU              0xE000ED04
   18 00000000 E000ED22 
                       NVIC_SYSPRI14
                               EQU              0xE000ED22
   19 00000000 000000FF 
                       NVIC_PENDSV_PRI
                               EQU              0xFF
   20 00000000 10000000 
                       NVIC_PENDSVSET
                               EQU              0x10000000
   21 00000000         
   22 00000000                 AREA             |.text|,CODE,READONLY,ALIGN=2
   23 00000000                 THUMB
   24 00000000                 REQUIRE8
   25 00000000                 PRESERVE8
   26 00000000         
   27 00000000         OS_CPU_SR_Save
   28 00000000 F3EF 8010       MRS              R0,PRIMASK
   29 00000004 B672            CPSID            I
   30 00000006 4770            BX               LR
   31 00000008         
   32 00000008         OS_CPU_SR_Restore
   33 00000008 F380 8810       MSR              PRIMASK,R0
   34 0000000C 4770            BX               LR
   35 0000000E         
   36 0000000E         OSStartHighRdy
   37 0000000E         ;set PendSV prio
   38 0000000E 481E            LDR              R0,=NVIC_SYSPRI14
   39 00000010 F04F 01FF       LDR              R1,=NVIC_PENDSV_PRI
   40 00000014 6001            STR              R1,[R0]
   41 00000016         
   42 00000016         ;clear PSP
   43 00000016 F04F 0000       MOV              R0,#0
   44 0000001A F380 8809       MSR              PSP,R0
   45 0000001E         
   46 0000001E         ;OSRunning = true
   47 0000001E 481B            LDR              R0,=OSRunning
   48 00000020 F04F 0101       MOV              R1,#1
   49 00000024 6001            STR              R1,[R0]
   50 00000026         
   51 00000026         ;pend(enable) PendSV interrupt



ARM Macro Assembler    Page 2 


   52 00000026 481A            LDR              R0,=NVIC_INT_CTRL
   53 00000028 F04F 5180       LDR              R1,=NVIC_PENDSVSET
   54 0000002C 6001            STR              R1,[R0]
   55 0000002E         
   56 0000002E         ;open interrupt
   57 0000002E B662            CPSIE            I
   58 00000030         
   59 00000030         OSCtxSw                              ;only need to enabl
                                                            e PendSV interrupt
   60 00000030 4817            LDR              R0,=NVIC_INT_CTRL
   61 00000032 F04F 5180       LDR              R1,=NVIC_PENDSVSET
   62 00000036 6001            STR              R1,[R0]
   63 00000038         
   64 00000038 4770            BX               LR
   65 0000003A         
   66 0000003A         OSIntCtxSw                           ;the same with OSCt
                                                            xSw
   67 0000003A 4815            LDR              R0,=NVIC_INT_CTRL
   68 0000003C F04F 5180       LDR              R1,=NVIC_PENDSVSET
   69 00000040 6001            STR              R1,[R0]
   70 00000042         
   71 00000042 4770            BX               LR
   72 00000044         
   73 00000044         OS_CPU_PendSVHandler
   74 00000044         ;close interrupt
   75 00000044 B672            CPSID            I
   76 00000046         
   77 00000046         ;judge if the PSP equal 0
   78 00000046 F3EF 8009       MRS              R0,PSP
   79 0000004A B120            CBZ              R0,OSPendSV_nosave
   80 0000004C         
   81 0000004C         ;save context
   82 0000004C E920 0FF0       STMFD            R0!,{R4-R11}
   83 00000050         ;SUB R0,R0,#0x20
   84 00000050         ;STM R0,{R4-R11}
   85 00000050         
   86 00000050         ;OSTCBCur->OSTCBStkPtr = SP
   87 00000050 4910            LDR              R1,=OSTCBCur
   88 00000052 6809            LDR              R1,[R1]
   89 00000054 6008            STR              R0,[R1]
   90 00000056         
   91 00000056         OSPendSV_nosave
   92 00000056         ;OSTaskSwHook()
   93 00000056 B500            PUSH             {LR}
   94 00000058 480F            LDR              R0,=OSTaskSwHook
   95 0000005A 4780            BLX              R0
   96 0000005C F85D EB04       POP              {LR}
   97 00000060         
   98 00000060         ;OSTCBCur=OSTCBHighRdy
   99 00000060 480E            LDR              R0,=OSTCBHighRdy
  100 00000062 490C            LDR              R1,=OSTCBCur
  101 00000064 6800            LDR              R0,[R0]
  102 00000066 6008            STR              R0,[R1]
  103 00000068         
  104 00000068         ;OSPrioCur=OSPrioHighRdy
  105 00000068 480D            LDR              R0,=OSPrioHighRdy
  106 0000006A 490E            LDR              R1,=OSPrioCur
  107 0000006C 7800            LDRB             R0,[R0]
  108 0000006E 7008            STRB             R0,[R1]



ARM Macro Assembler    Page 3 


  109 00000070         
  110 00000070         ;OSTCBHighRdy->OSTCBStkPtr
  111 00000070 480A            LDR              R0,=OSTCBHighRdy
  112 00000072 6800            LDR              R0,[R0]
  113 00000074 6801            LDR              R1,[R0]
  114 00000076         
  115 00000076         ;restore new task context
  116 00000076 E8B1 0FF0       LDMFD            R1!,{R4-R11}
  117 0000007A F381 8809       MSR              PSP,R1
  118 0000007E         
  119 0000007E         ;ensure exception return uses process stack
  120 0000007E F04E 0E04       ORR              LR,LR,#0x04
  121 00000082         
  122 00000082         ;open interrupt
  123 00000082 B662            CPSIE            I
  124 00000084         
  125 00000084         ;return
  126 00000084 4770            BX               LR
  127 00000086         
  128 00000086 BF00            NOP
  129 00000088                 END
              E000ED22 
              00000000 
              E000ED04 
              00000000 
              00000000 
              00000000 
              00000000 
              00000000 
Command Line: --debug --xref --diag_suppress=9931 --cpu=Cortex-M4.fp --apcs=int
erwork --depend=.\objects\os_cpu_a.d -o.\objects\os_cpu_a.o -I.\BSP_SELF -I.\UC
OS_PORT -IH:\file\homework\EOS\exp4\RTE -IG:\Keil_v5\ARM\PACK\Keil\STM32F4xx_DF
P\1.0.8\Device\Include -IG:\Keil_v5\ARM\CMSIS\Include --predefine="__UVISION_VE
RSION SETA 514" --predefine="STM32F401xx SETA 1" --list=.\listings\os_cpu_a.lst
 UCOS_PORT\os_cpu_a.s



ARM Macro Assembler    Page 1 Alphabetic symbol ordering
Relocatable symbols

.text 00000000

Symbol: .text
   Definitions
      At line 22 in file UCOS_PORT\os_cpu_a.s
   Uses
      None
Comment: .text unused
OSCtxSw 00000030

Symbol: OSCtxSw
   Definitions
      At line 59 in file UCOS_PORT\os_cpu_a.s
   Uses
      At line 13 in file UCOS_PORT\os_cpu_a.s
Comment: OSCtxSw used once
OSIntCtxSw 0000003A

Symbol: OSIntCtxSw
   Definitions
      At line 66 in file UCOS_PORT\os_cpu_a.s
   Uses
      At line 14 in file UCOS_PORT\os_cpu_a.s
Comment: OSIntCtxSw used once
OSPendSV_nosave 00000056

Symbol: OSPendSV_nosave
   Definitions
      At line 91 in file UCOS_PORT\os_cpu_a.s
   Uses
      At line 79 in file UCOS_PORT\os_cpu_a.s
Comment: OSPendSV_nosave used once
OSStartHighRdy 0000000E

Symbol: OSStartHighRdy
   Definitions
      At line 36 in file UCOS_PORT\os_cpu_a.s
   Uses
      At line 12 in file UCOS_PORT\os_cpu_a.s
Comment: OSStartHighRdy used once
OS_CPU_PendSVHandler 00000044

Symbol: OS_CPU_PendSVHandler
   Definitions
      At line 73 in file UCOS_PORT\os_cpu_a.s
   Uses
      At line 15 in file UCOS_PORT\os_cpu_a.s
Comment: OS_CPU_PendSVHandler used once
OS_CPU_SR_Restore 00000008

Symbol: OS_CPU_SR_Restore
   Definitions
      At line 32 in file UCOS_PORT\os_cpu_a.s
   Uses
      At line 11 in file UCOS_PORT\os_cpu_a.s
Comment: OS_CPU_SR_Restore used once
OS_CPU_SR_Save 00000000

Symbol: OS_CPU_SR_Save



ARM Macro Assembler    Page 2 Alphabetic symbol ordering
Relocatable symbols

   Definitions
      At line 27 in file UCOS_PORT\os_cpu_a.s
   Uses
      At line 10 in file UCOS_PORT\os_cpu_a.s
Comment: OS_CPU_SR_Save used once
8 symbols



ARM Macro Assembler    Page 1 Alphabetic symbol ordering
Absolute symbols

NVIC_INT_CTRL E000ED04

Symbol: NVIC_INT_CTRL
   Definitions
      At line 17 in file UCOS_PORT\os_cpu_a.s
   Uses
      At line 52 in file UCOS_PORT\os_cpu_a.s
      At line 60 in file UCOS_PORT\os_cpu_a.s
      At line 67 in file UCOS_PORT\os_cpu_a.s

NVIC_PENDSVSET 10000000

Symbol: NVIC_PENDSVSET
   Definitions
      At line 20 in file UCOS_PORT\os_cpu_a.s
   Uses
      At line 53 in file UCOS_PORT\os_cpu_a.s
      At line 61 in file UCOS_PORT\os_cpu_a.s
      At line 68 in file UCOS_PORT\os_cpu_a.s

NVIC_PENDSV_PRI 000000FF

Symbol: NVIC_PENDSV_PRI
   Definitions
      At line 19 in file UCOS_PORT\os_cpu_a.s
   Uses
      At line 39 in file UCOS_PORT\os_cpu_a.s
Comment: NVIC_PENDSV_PRI used once
NVIC_SYSPRI14 E000ED22

Symbol: NVIC_SYSPRI14
   Definitions
      At line 18 in file UCOS_PORT\os_cpu_a.s
   Uses
      At line 38 in file UCOS_PORT\os_cpu_a.s
Comment: NVIC_SYSPRI14 used once
4 symbols



ARM Macro Assembler    Page 1 Alphabetic symbol ordering
External symbols

OSIntExit 00000000

Symbol: OSIntExit
   Definitions
      At line 7 in file UCOS_PORT\os_cpu_a.s
   Uses
      None
Comment: OSIntExit unused
OSIntNesting 00000000

Symbol: OSIntNesting
   Definitions
      At line 6 in file UCOS_PORT\os_cpu_a.s
   Uses
      None
Comment: OSIntNesting unused
OSPrioCur 00000000

Symbol: OSPrioCur
   Definitions
      At line 2 in file UCOS_PORT\os_cpu_a.s
   Uses
      At line 106 in file UCOS_PORT\os_cpu_a.s
Comment: OSPrioCur used once
OSPrioHighRdy 00000000

Symbol: OSPrioHighRdy
   Definitions
      At line 3 in file UCOS_PORT\os_cpu_a.s
   Uses
      At line 105 in file UCOS_PORT\os_cpu_a.s
Comment: OSPrioHighRdy used once
OSRunning 00000000

Symbol: OSRunning
   Definitions
      At line 1 in file UCOS_PORT\os_cpu_a.s
   Uses
      At line 47 in file UCOS_PORT\os_cpu_a.s
Comment: OSRunning used once
OSTCBCur 00000000

Symbol: OSTCBCur
   Definitions
      At line 4 in file UCOS_PORT\os_cpu_a.s
   Uses
      At line 87 in file UCOS_PORT\os_cpu_a.s
      At line 100 in file UCOS_PORT\os_cpu_a.s

OSTCBHighRdy 00000000

Symbol: OSTCBHighRdy
   Definitions
      At line 5 in file UCOS_PORT\os_cpu_a.s
   Uses
      At line 99 in file UCOS_PORT\os_cpu_a.s
      At line 111 in file UCOS_PORT\os_cpu_a.s

OSTaskSwHook 00000000



ARM Macro Assembler    Page 2 Alphabetic symbol ordering
External symbols


Symbol: OSTaskSwHook
   Definitions
      At line 8 in file UCOS_PORT\os_cpu_a.s
   Uses
      At line 94 in file UCOS_PORT\os_cpu_a.s
Comment: OSTaskSwHook used once
8 symbols
355 symbols in table
