Added Component: Designator=CN7(CN7)
Added Component: Designator=CN10(CN10)
Added Pin To Net: NetName=5V_1 Pin=CN7-6
Added Pin To Net: NetName=GND Pin=CN7-8
Added Pin To Net: NetName=3V3_1 Pin=CN7-12
Added Pin To Net: NetName=PB7 Pin=CN7-21
Added Pin To Net: NetName=PA0 Pin=CN7-28
Added Pin To Net: NetName=PA1 Pin=CN7-30
Added Pin To Net: NetName=PB0 Pin=CN7-34
Added Pin To Net: NetName=PB8 Pin=CN10-3
Added Pin To Net: NetName=PC6 Pin=CN10-4
Added Pin To Net: NetName=PB9 Pin=CN10-5
Added Pin To Net: NetName=PA6 Pin=CN10-13
Added Pin To Net: NetName=PA7 Pin=CN10-15
Added Pin To Net: NetName=PB6 Pin=CN10-17
Added Pin To Net: NetName=PC7 Pin=CN10-19
Added Pin To Net: NetName=PB1 Pin=CN10-24
Added Pin To Net: NetName=PA2 Pin=CN10-35
Added Pin To Net: NetName=PA3 Pin=CN10-37
Added Member To Class: ClassName=pcb Member=Component CN7
Added Member To Class: ClassName=pcb Member=Component CN10
